info [Fri Apr 07 2017 17:29:34 GMT-0700 (PDT)]  --help
info [Fri Apr 07 2017 17:29:55 GMT-0700 (PDT)]  my-tweets 5
info [Fri Apr 07 2017 17:29:55 GMT-0700 (PDT)]  making twitter api call
info [Fri Apr 07 2017 17:29:55 GMT-0700 (PDT)]  @pratikpatil09 whats up
info [Fri Apr 07 2017 17:29:55 GMT-0700 (PDT)]  #docker will bring revolution in middleware automation. http://t.co/JhVuDOc4DV
info [Fri Apr 07 2017 17:29:55 GMT-0700 (PDT)]  Why masters in computers science? - because i want to.
info [Fri Apr 07 2017 17:29:55 GMT-0700 (PDT)]  #iPhone6s - it's fast
info [Fri Apr 07 2017 17:29:55 GMT-0700 (PDT)]  #iphone6s three days to go...
info [Fri Apr 07 2017 17:30:06 GMT-0700 (PDT)]  spotify-this-song ho hey lumineers
info [Fri Apr 07 2017 17:30:08 GMT-0700 (PDT)]  Preview link of the song: https://p.scdn.co/mp3-preview/57e57e6eb594e55de01b85cea4d470243f6121f5?cid=null
info [Fri Apr 07 2017 17:30:08 GMT-0700 (PDT)]  Song's name: Ho Hey
info [Fri Apr 07 2017 17:30:08 GMT-0700 (PDT)]  Album name: The Lumineers
info [Fri Apr 07 2017 17:30:08 GMT-0700 (PDT)]  Artist: The Lumineers
info [Fri Apr 07 2017 17:31:25 GMT-0700 (PDT)]  movie-this titanic
info [Fri Apr 07 2017 17:31:25 GMT-0700 (PDT)]  
Title: Titanic
Year: 1997
IMDB Rating: 7.7
Country it was produced in: USA
Language: English, Swedish
Plot: 84 years later, a 101-year-old woman named Rose DeWitt Bukater tells the story to her granddaughter Lizzy Calvert, Brock Lovett, Lewis Bodine, Bobby Buell and Anatoly Mikailavich on the Keldysh about her life set in April 10th 1912, on a ship called Titanic when young Rose boards the departing ship with the upper-class passengers and her mother, Ruth DeWitt Bukater, and her fiancé, Caledon Hockley. Meanwhile, a drifter and artist named Jack Dawson and his best friend Fabrizio De Rossi win third-class tickets to the ship in a game. And she explains the whole story from departure until the death of Titanic on its first and last voyage April 15th, 1912 at 2:20 in the morning.
Actors: Leonardo DiCaprio, Kate Winslet, Billy Zane, Kathy Bates
Rotten Tomato Ratings: 88%

info [Fri Apr 07 2017 17:31:40 GMT-0700 (PDT)]  --help
info [Fri Apr 07 2017 17:31:46 GMT-0700 (PDT)]  do-what-it-says
info [Fri Apr 07 2017 17:31:46 GMT-0700 (PDT)]  
Title: Horrible Bosses
Year: 2011
IMDB Rating: 6.9
Country it was produced in: USA
Language: English
Plot: Nick hates his boss, mostly because he's expected to work from before sunrise to after sunset and his boss, Mr. Harken, calls him out for being a minute late and blackmails him so he can't quit. Dale hates his boss, Dr. Julia Harris, because she makes unwelcome sexual advances when he's about to get married. But Dale is on that pesky list of child offenders so he can't quit. Kurt actually likes his job and his boss, well, up until his boss dies and the boss's coked-out, psychopathic son takes over. But who would be crazy enough to quit their jobs in such poor economic times? Instead Nick, Dale and Kurt drunkenly and hypothetically discuss how to kill their bosses, and before they know it, they've hired a murder consultant to help them pull off the three deeds.
Actors: Jason Bateman, Steve Wiebe, Kevin Spacey, Charlie Day
Rotten Tomato Ratings: 68%

info [Fri Apr 07 2017 17:31:47 GMT-0700 (PDT)]  Preview link of the song: https://p.scdn.co/mp3-preview/e72a05dc3f69c891e3390c3ceaa77fad02f6b5f6?cid=null
info [Fri Apr 07 2017 17:31:47 GMT-0700 (PDT)]  Song's name: I Want It That Way
info [Fri Apr 07 2017 17:31:47 GMT-0700 (PDT)]  Album name: The Hits--Chapter One
info [Fri Apr 07 2017 17:31:47 GMT-0700 (PDT)]  Artist: Backstreet Boys
